<?xml version="1.0" encoding="UTF-8"?>
<!-- Generated by org.testng.reporters.JUnitReportReporter -->
<testsuite hostname="santhosh-PC" name="com.ranfordbank.master.Grid" tests="2" failures="0" timestamp="20 Jan 2018 09:27:02 GMT" time="49.328" errors="0">
  <testcase name="Gd" time="27.099" classname="com.ranfordbank.master.Grid"/>
  <testcase name="Gd" time="22.229" classname="com.ranfordbank.master.Grid"/>
</testsuite> <!-- com.ranfordbank.master.Grid -->
