<?xml version="1.0" encoding="UTF-8"?>
<!-- Generated by org.testng.reporters.JUnitReportReporter -->
<testsuite hostname="santhosh-PC" name="com.ranfordbank.master.GridApril" tests="2" failures="0" timestamp="7 Apr 2018 07:49:10 GMT" time="47.694" errors="0">
  <testcase name="Gd" time="25.673" classname="com.ranfordbank.master.GridApril"/>
  <testcase name="Gd" time="22.021" classname="com.ranfordbank.master.GridApril"/>
</testsuite> <!-- com.ranfordbank.master.GridApril -->
