<?xml version="1.0" encoding="UTF-8"?>
<!-- Generated by org.testng.reporters.JUnitReportReporter -->
<testsuite hostname="santhosh-PC" name="com.ranfordbank.master.Sgrid" tests="2" failures="0" timestamp="2 Feb 2018 07:39:21 GMT" time="32.011" errors="0">
  <testcase name="gd" time="20.887" classname="com.ranfordbank.master.Sgrid"/>
  <testcase name="gd" time="11.124" classname="com.ranfordbank.master.Sgrid"/>
</testsuite> <!-- com.ranfordbank.master.Sgrid -->
