<?xml version="1.0" encoding="UTF-8"?>
<!-- Generated by org.testng.reporters.JUnitReportReporter -->
<testsuite hostname="santhosh-PC" name="com.ranfordbank.master.RoleNg" tests="4" failures="0" timestamp="25 Jan 2018 11:15:57 GMT" time="62.155" errors="0">
  <testcase name="Role" time="15.520" classname="com.ranfordbank.master.RoleNg"/>
  <testcase name="Role" time="15.417" classname="com.ranfordbank.master.RoleNg"/>
  <testcase name="Role" time="15.359" classname="com.ranfordbank.master.RoleNg"/>
  <testcase name="Role" time="15.859" classname="com.ranfordbank.master.RoleNg"/>
</testsuite> <!-- com.ranfordbank.master.RoleNg -->
