<?xml version="1.0" encoding="UTF-8"?>
<!-- Generated by org.testng.reporters.JUnitReportReporter -->
<testsuite hostname="santhosh-PC" name="com.ranfordbank.master.Pom" tests="1" failures="0" timestamp="27 Jan 2018 06:47:56 GMT" time="19.952" errors="0">
  <testcase name="Exepom" time="19.952" classname="com.ranfordbank.master.Pom"/>
</testsuite> <!-- com.ranfordbank.master.Pom -->
