<?xml version="1.0" encoding="UTF-8"?>
<!-- Generated by org.testng.reporters.JUnitReportReporter -->
<testsuite hostname="santhosh-PC" name="com.ranfordbank.master.sampleng" tests="1" failures="0" timestamp="25 Jan 2018 10:49:20 GMT" time="1.866" errors="0">
  <testcase name="AdminLgn" time="1.866" classname="com.ranfordbank.master.sampleng"/>
</testsuite> <!-- com.ranfordbank.master.sampleng -->
